<?xml version="1.0" encoding="UTF-8"?>
<testsuite xmlns:xsi="http://www.w3.org/2001/XMLSchema-instance" xsi:noNamespaceSchemaLocation="https://maven.apache.org/surefire/maven-surefire-plugin/xsd/surefire-test-report-3.0.xsd" version="3.0" name="com.codefactory.reservas.CitaServiceTest" time="14.366" tests="3" errors="0" skipped="0" failures="0">
  <properties>
[...]
</properties>
  <testcase name="shouldRejectAppointmentWhenProfessionalHasOverlap" classname="com.codefactory.reservas.CitaServiceTest" time="1.631">
    <system-out><![CDATA[21:55:51.480 [main] INFO org.springframework.test.context.support.AnnotationConfigContextLoaderUtils -- Could not detect default configuration classes for test class [com.codefactory.reservas.CitaServiceTest]: CitaServiceTest does not declare any static, non-private, non-final, nested classes annotated with @Configuration.
21:55:51.931 [main] INFO org.springframework.boot.test.context.SpringBootTestContextBootstrapper -- Found @SpringBootConfiguration com.codefactory.reservas.ReservasBackendApplication for test class com.codefactory.reservas.CitaServiceTest

  .   ____          _            __ _ _
 /\\ / ___'_ __ _ _(_)_ __  __ _ \ \ \ \
( ( )\___ | '_ | '_| | '_ \/ _` | \ \ \ \
 \\/  ___)| |_)| | | | | || (_| |  ) ) ) )
  '  |____| .__|_| |_|_| |_\__, | / / / /
 =========|_|==============|___/=/_/_/_/

 :: Spring Boot ::                (v3.3.4)

2026-09-19T21:55:53.507-05:00  INFO 2724 --- [reservas-backend] [           main] c.codefactory.reservas.CitaServiceTest   : Starting CitaServiceTest using Java 21.0.12.1 with PID 2724 (started by axla in /Users/axla/Documents/UdeA/Semestre_VII/CodeFactory/backend)
2026-09-19T21:55:53.520-05:00  INFO 2724 --- [reservas-backend] [           main] c.codefactory.reservas.CitaServiceTest   : No active profile set, falling back to 1 default profile: "default"
2026-09-19T21:55:54.815-05:00  INFO 2724 --- [reservas-backend] [           main] .s.d.r.c.RepositoryConfigurationDelegate : Bootstrapping Spring Data JPA repositories in DEFAULT mode.
2026-09-19T21:55:55.069-05:00  INFO 2724 --- [reservas-backend] [           main] .s.d.r.c.RepositoryConfigurationDelegate : Finished Spring Data repository scanning in 160 ms. Found 5 JPA repository interfaces.
2026-09-19T21:55:55.299-05:00  INFO 2724 --- [reservas-backend] [           main] beddedDataSourceBeanFactoryPostProcessor : Replacing 'dataSource' DataSource bean with embedded version
2026-09-19T21:55:55.769-05:00  INFO 2724 --- [reservas-backend] [           main] o.s.j.d.e.EmbeddedDatabaseFactory        : Starting embedded database: url='jdbc:h2:mem:a33c11a9-c8ba-45fa-93e9-4314d8539861;DB_CLOSE_DELAY=-1;DB_CLOSE_ON_EXIT=false', username='sa'
2026-09-19T21:55:56.478-05:00  INFO 2724 --- [reservas-backend] [           main] o.hibernate.jpa.internal.util.LogHelper  : HHH000204: Processing PersistenceUnitInfo [name: default]
2026-09-19T21:55:56.648-05:00  INFO 2724 --- [reservas-backend] [           main] org.hibernate.Version                    : HHH000412: Hibernate ORM core version 6.5.3.Final
2026-09-19T21:55:56.793-05:00  INFO 2724 --- [reservas-backend] [           main] o.h.c.internal.RegionFactoryInitiator    : HHH000026: Second-level cache disabled
2026-09-19T21:55:57.600-05:00  INFO 2724 --- [reservas-backend] [           main] o.s.o.j.p.SpringPersistenceUnitInfo      : No LoadTimeWeaver setup: ignoring JPA class transformer
2026-09-19T21:55:57.773-05:00  WARN 2724 --- [reservas-backend] [           main] org.hibernate.orm.deprecation            : HHH90000025: H2Dialect does not need to be specified explicitly using 'hibernate.dialect' (remove the property setting and it will be selected by default)
2026-09-19T21:56:00.683-05:00  INFO 2724 --- [reservas-backend] [           main] o.h.e.t.j.p.i.JtaPlatformInitiator       : HHH000489: No JTA platform available (set 'hibernate.transaction.jta.platform' to enable JTA platform integration)
Hibernate: drop table if exists citas cascade 
Hibernate: drop table if exists espacios_fisicos cascade 
Hibernate: drop table if exists pacientes cascade 
Hibernate: drop table if exists profesionales cascade 
Hibernate: drop table if exists servicios cascade 
Hibernate: create table citas (fecha date not null, hora_fin time(6) not null, hora_inicio time(6) not null, espacio_id bigint not null, id bigint generated by default as identity, paciente_id bigint not null, profesional_id bigint not null, servicio_id bigint not null, estado varchar(255) not null, motivo varchar(255) not null, primary key (id))
Hibernate: create table espacios_fisicos (activo boolean not null, id bigint generated by default as identity, nombre varchar(255) not null, tipo varchar(255) not null, primary key (id))
Hibernate: create table pacientes (activo boolean not null, id bigint generated by default as identity, documento varchar(255) not null, nombre varchar(255) not null, primary key (id))
Hibernate: create table profesionales (activo boolean not null, id bigint generated by default as identity, nombre varchar(255) not null, primary key (id))
Hibernate: create table servicios (duracion_minutos integer not null, id bigint generated by default as identity, nombre varchar(255) not null, primary key (id))
Hibernate: alter table if exists citas add constraint FKrrytusaof7u88rlwe740m6gkk foreign key (espacio_id) references espacios_fisicos
Hibernate: alter table if exists citas add constraint FKnqrsxxcuysfcxiekvixm7h8r1 foreign key (paciente_id) references pacientes
Hibernate: alter table if exists citas add constraint FKc35ip6npyux3i11y5ux5bheek foreign key (profesional_id) references profesionales
Hibernate: alter table if exists citas add constraint FKl89m4psdo9tdi6smrdq3n3p33 foreign key (servicio_id) references servicios
2026-09-19T21:56:00.818-05:00  INFO 2724 --- [reservas-backend] [           main] j.LocalContainerEntityManagerFactoryBean : Initialized JPA EntityManagerFactory for persistence unit 'default'
2026-09-19T21:56:01.475-05:00  INFO 2724 --- [reservas-backend] [           main] o.s.d.j.r.query.QueryEnhancerFactory     : Hibernate is in classpath; If applicable, HQL parser will be used.
2026-09-19T21:56:03.529-05:00  INFO 2724 --- [reservas-backend] [           main] c.codefactory.reservas.CitaServiceTest   : Started CitaServiceTest in 11.345 seconds (process running for 15.057)
Hibernate: insert into profesionales (activo,nombre,id) values (?,?,default)
Hibernate: insert into espacios_fisicos (activo,nombre,tipo,id) values (?,?,?,default)
Hibernate: insert into pacientes (activo,documento,nombre,id) values (?,?,?,default)
Hibernate: insert into servicios (duracion_minutos,nombre,id) values (?,?,default)
Hibernate: insert into citas (espacio_id,estado,fecha,hora_fin,hora_inicio,motivo,paciente_id,profesional_id,servicio_id,id) values (?,?,?,?,?,?,?,?,?,default)
Hibernate: select c1_0.id,c1_0.espacio_id,c1_0.estado,c1_0.fecha,c1_0.hora_fin,c1_0.hora_inicio,c1_0.motivo,c1_0.paciente_id,c1_0.profesional_id,c1_0.servicio_id from citas c1_0 where c1_0.fecha=? and c1_0.profesional_id=? and c1_0.estado<>'CANCELADA' and c1_0.hora_inicio<? and c1_0.hora_fin>? for update
]]></system-out>
    <system-err><![CDATA[WARNING: A Java agent has been loaded dynamically (/Users/axla/.m2/repository/net/bytebuddy/byte-buddy-agent/1.14.19/byte-buddy-agent-1.14.19.jar)
WARNING: If a serviceability tool is in use, please run with -XX:+EnableDynamicAgentLoading to hide this warning
WARNING: If a serviceability tool is not in use, please run with -Djdk.instrument.traceUsage for more information
WARNING: Dynamic loading of agents will be disallowed by default in a future release
]]></system-err>
  </testcase>
  <testcase name="shouldRejectAppointmentWhenPhysicalSpaceHasOverlap" classname="com.codefactory.reservas.CitaServiceTest" time="0.05">
    <system-out><![CDATA[Hibernate: insert into profesionales (activo,nombre,id) values (?,?,default)
Hibernate: insert into espacios_fisicos (activo,nombre,tipo,id) values (?,?,?,default)
Hibernate: insert into pacientes (activo,documento,nombre,id) values (?,?,?,default)
Hibernate: insert into servicios (duracion_minutos,nombre,id) values (?,?,default)
Hibernate: insert into citas (espacio_id,estado,fecha,hora_fin,hora_inicio,motivo,paciente_id,profesional_id,servicio_id,id) values (?,?,?,?,?,?,?,?,?,default)
Hibernate: insert into profesionales (activo,nombre,id) values (?,?,default)
Hibernate: select c1_0.id,c1_0.espacio_id,c1_0.estado,c1_0.fecha,c1_0.hora_fin,c1_0.hora_inicio,c1_0.motivo,c1_0.paciente_id,c1_0.profesional_id,c1_0.servicio_id from citas c1_0 where c1_0.fecha=? and c1_0.profesional_id=? and c1_0.estado<>'CANCELADA' and c1_0.hora_inicio<? and c1_0.hora_fin>? for update
Hibernate: select c1_0.id,c1_0.espacio_id,c1_0.estado,c1_0.fecha,c1_0.hora_fin,c1_0.hora_inicio,c1_0.motivo,c1_0.paciente_id,c1_0.profesional_id,c1_0.servicio_id from citas c1_0 where c1_0.fecha=? and c1_0.espacio_id=? and c1_0.estado<>'CANCELADA' and c1_0.hora_inicio<? and c1_0.hora_fin>? for update
]]></system-out>
  </testcase>
  <testcase name="shouldCreateAppointmentWhenNoConflictExists" classname="com.codefactory.reservas.CitaServiceTest" time="0.139">
    <system-out><![CDATA[Hibernate: insert into profesionales (activo,nombre,id) values (?,?,default)
Hibernate: insert into espacios_fisicos (activo,nombre,tipo,id) values (?,?,?,default)
Hibernate: insert into pacientes (activo,documento,nombre,id) values (?,?,?,default)
Hibernate: insert into servicios (duracion_minutos,nombre,id) values (?,?,default)
Hibernate: select c1_0.id,c1_0.espacio_id,c1_0.estado,c1_0.fecha,c1_0.hora_fin,c1_0.hora_inicio,c1_0.motivo,c1_0.paciente_id,c1_0.profesional_id,c1_0.servicio_id from citas c1_0 where c1_0.fecha=? and c1_0.profesional_id=? and c1_0.estado<>'CANCELADA' and c1_0.hora_inicio<? and c1_0.hora_fin>? for update
Hibernate: select c1_0.id,c1_0.espacio_id,c1_0.estado,c1_0.fecha,c1_0.hora_fin,c1_0.hora_inicio,c1_0.motivo,c1_0.paciente_id,c1_0.profesional_id,c1_0.servicio_id from citas c1_0 where c1_0.fecha=? and c1_0.espacio_id=? and c1_0.estado<>'CANCELADA' and c1_0.hora_inicio<? and c1_0.hora_fin>? for update
Hibernate: insert into citas (espacio_id,estado,fecha,hora_fin,hora_inicio,motivo,paciente_id,profesional_id,servicio_id,id) values (?,?,?,?,?,?,?,?,?,default)
Hibernate: select count(*) from citas c1_0
]]></system-out>
  </testcase>
</testsuite>